:: loading settings :: url = jar:file:/Users/laplc/Documents/realtime-voting-data-engineering/.venv/lib/python3.9/site-packages/pyspark/jars/ivy-2.5.1.jar!/org/apache/ivy/core/settings/ivysettings.xml
Ivy Default Cache set to: /Users/laplc/.ivy2/cache
The jars for the packages stored in: /Users/laplc/.ivy2/jars
org.apache.spark#spark-sql-kafka-0-10_2.12 added as a dependency
:: resolving dependencies :: org.apache.spark#spark-submit-parent-818621c9-e86d-4c4d-8a69-2a10d82cfdbe;1.0
	confs: [default]
	found org.apache.spark#spark-sql-kafka-0-10_2.12;3.5.0 in central
	found org.apache.spark#spark-token-provider-kafka-0-10_2.12;3.5.0 in central
	found org.apache.kafka#kafka-clients;3.4.1 in central
	found org.lz4#lz4-java;1.8.0 in central
	found org.xerial.snappy#snappy-java;1.1.10.3 in central
	found org.slf4j#slf4j-api;2.0.7 in central
	found org.apache.hadoop#hadoop-client-runtime;3.3.4 in central
	found org.apache.hadoop#hadoop-client-api;3.3.4 in central
	found commons-logging#commons-logging;1.1.3 in central
	found com.google.code.findbugs#jsr305;3.0.0 in central
	found org.apache.commons#commons-pool2;2.11.1 in central
:: resolution report :: resolve 136ms :: artifacts dl 5ms
	:: modules in use:
	com.google.code.findbugs#jsr305;3.0.0 from central in [default]
	commons-logging#commons-logging;1.1.3 from central in [default]
	org.apache.commons#commons-pool2;2.11.1 from central in [default]
	org.apache.hadoop#hadoop-client-api;3.3.4 from central in [default]
	org.apache.hadoop#hadoop-client-runtime;3.3.4 from central in [default]
	org.apache.kafka#kafka-clients;3.4.1 from central in [default]
	org.apache.spark#spark-sql-kafka-0-10_2.12;3.5.0 from central in [default]
	org.apache.spark#spark-token-provider-kafka-0-10_2.12;3.5.0 from central in [default]
	org.lz4#lz4-java;1.8.0 from central in [default]
	org.slf4j#slf4j-api;2.0.7 from central in [default]
	org.xerial.snappy#snappy-java;1.1.10.3 from central in [default]
	---------------------------------------------------------------------
	|                  |            modules            ||   artifacts   |
	|       conf       | number| search|dwnlded|evicted|| number|dwnlded|
	---------------------------------------------------------------------
	|      default     |   11  |   0   |   0   |   0   ||   11  |   0   |
	---------------------------------------------------------------------
:: retrieving :: org.apache.spark#spark-submit-parent-818621c9-e86d-4c4d-8a69-2a10d82cfdbe
	confs: [default]
	0 artifacts copied, 11 already retrieved (0kB/2ms)
25/11/10 15:31:05 WARN NativeCodeLoader: Unable to load native-hadoop library for your platform... using builtin-java classes where applicable
Setting default log level to "WARN".
To adjust logging level use sc.setLogLevel(newLevel). For SparkR, use setLogLevel(newLevel).
25/11/10 15:31:06 ERROR MicroBatchExecution: Query [id = d34db4b7-513a-484d-ab7a-7d8c0bac49f9, runId = 113ee57e-2488-4316-93af-844904eda283] terminated with error
java.lang.IllegalStateException: Partition votes_topic-0's offset was changed from 131 to 96, some data may have been missed. 
Some data may have been lost because they are not available in Kafka any more; either the
 data was aged out by Kafka or the topic may have been deleted before all the data in the
 topic was processed. If you don't want your streaming query to fail on such cases, set the
 source option "failOnDataLoss" to "false".
    
	at org.apache.spark.sql.kafka010.KafkaMicroBatchStream.reportDataLoss(KafkaMicroBatchStream.scala:309)
	at org.apache.spark.sql.kafka010.KafkaMicroBatchStream.$anonfun$planInputPartitions$1(KafkaMicroBatchStream.scala:201)
	at org.apache.spark.sql.kafka010.KafkaMicroBatchStream.$anonfun$planInputPartitions$1$adapted(KafkaMicroBatchStream.scala:201)
	at org.apache.spark.sql.kafka010.KafkaOffsetReaderAdmin.$anonfun$getOffsetRangesFromResolvedOffsets$6(KafkaOffsetReaderAdmin.scala:487)
	at scala.collection.TraversableLike.$anonfun$map$1(TraversableLike.scala:286)
	at scala.collection.Iterator.foreach(Iterator.scala:943)
	at scala.collection.Iterator.foreach$(Iterator.scala:943)
	at scala.collection.AbstractIterator.foreach(Iterator.scala:1431)
	at scala.collection.IterableLike.foreach(IterableLike.scala:74)
	at scala.collection.IterableLike.foreach$(IterableLike.scala:73)
	at scala.collection.AbstractIterable.foreach(Iterable.scala:56)
	at scala.collection.TraversableLike.map(TraversableLike.scala:286)
	at scala.collection.TraversableLike.map$(TraversableLike.scala:279)
	at scala.collection.AbstractTraversable.map(Traversable.scala:108)
	at org.apache.spark.sql.kafka010.KafkaOffsetReaderAdmin.getOffsetRangesFromResolvedOffsets(KafkaOffsetReaderAdmin.scala:482)
	at org.apache.spark.sql.kafka010.KafkaMicroBatchStream.planInputPartitions(KafkaMicroBatchStream.scala:201)
	at org.apache.spark.sql.execution.datasources.v2.MicroBatchScanExec.inputPartitions$lzycompute(MicroBatchScanExec.scala:46)
	at org.apache.spark.sql.execution.datasources.v2.MicroBatchScanExec.inputPartitions(MicroBatchScanExec.scala:46)
	at org.apache.spark.sql.execution.datasources.v2.DataSourceV2ScanExecBase.supportsColumnar(DataSourceV2ScanExecBase.scala:179)
	at org.apache.spark.sql.execution.datasources.v2.DataSourceV2ScanExecBase.supportsColumnar$(DataSourceV2ScanExecBase.scala:175)
	at org.apache.spark.sql.execution.datasources.v2.MicroBatchScanExec.supportsColumnar(MicroBatchScanExec.scala:29)
	at org.apache.spark.sql.execution.datasources.v2.DataSourceV2Strategy.apply(DataSourceV2Strategy.scala:157)
	at org.apache.spark.sql.catalyst.planning.QueryPlanner.$anonfun$plan$1(QueryPlanner.scala:63)
	at scala.collection.Iterator$$anon$11.nextCur(Iterator.scala:486)
	at scala.collection.Iterator$$anon$11.hasNext(Iterator.scala:492)
	at scala.collection.Iterator$$anon$11.hasNext(Iterator.scala:491)
	at org.apache.spark.sql.catalyst.planning.QueryPlanner.plan(QueryPlanner.scala:93)
	at org.apache.spark.sql.execution.SparkStrategies.plan(SparkStrategies.scala:70)
	at org.apache.spark.sql.catalyst.planning.QueryPlanner.$anonfun$plan$3(QueryPlanner.scala:78)
	at scala.collection.TraversableOnce$folder$1.apply(TraversableOnce.scala:196)
	at scala.collection.TraversableOnce$folder$1.apply(TraversableOnce.scala:194)
	at scala.collection.Iterator.foreach(Iterator.scala:943)
	at scala.collection.Iterator.foreach$(Iterator.scala:943)
	at scala.collection.AbstractIterator.foreach(Iterator.scala:1431)
	at scala.collection.TraversableOnce.foldLeft(TraversableOnce.scala:199)
	at scala.collection.TraversableOnce.foldLeft$(TraversableOnce.scala:192)
	at scala.collection.AbstractIterator.foldLeft(Iterator.scala:1431)
	at org.apache.spark.sql.catalyst.planning.QueryPlanner.$anonfun$plan$2(QueryPlanner.scala:75)
	at scala.collection.Iterator$$anon$11.nextCur(Iterator.scala:486)
	at scala.collection.Iterator$$anon$11.hasNext(Iterator.scala:492)
	at org.apache.spark.sql.catalyst.planning.QueryPlanner.plan(QueryPlanner.scala:93)
	at org.apache.spark.sql.execution.SparkStrategies.plan(SparkStrategies.scala:70)
	at org.apache.spark.sql.catalyst.planning.QueryPlanner.$anonfun$plan$3(QueryPlanner.scala:78)
	at scala.collection.TraversableOnce$folder$1.apply(TraversableOnce.scala:196)
	at scala.collection.TraversableOnce$folder$1.apply(TraversableOnce.scala:194)
	at scala.collection.Iterator.foreach(Iterator.scala:943)
	at scala.collection.Iterator.foreach$(Iterator.scala:943)
	at scala.collection.AbstractIterator.foreach(Iterator.scala:1431)
	at scala.collection.TraversableOnce.foldLeft(TraversableOnce.scala:199)
	at scala.collection.TraversableOnce.foldLeft$(TraversableOnce.scala:192)
	at scala.collection.AbstractIterator.foldLeft(Iterator.scala:1431)
	at org.apache.spark.sql.catalyst.planning.QueryPlanner.$anonfun$plan$2(QueryPlanner.scala:75)
	at scala.collection.Iterator$$anon$11.nextCur(Iterator.scala:486)
	at scala.collection.Iterator$$anon$11.hasNext(Iterator.scala:492)
	at org.apache.spark.sql.catalyst.planning.QueryPlanner.plan(QueryPlanner.scala:93)
	at org.apache.spark.sql.execution.SparkStrategies.plan(SparkStrategies.scala:70)
	at org.apache.spark.sql.catalyst.planning.QueryPlanner.$anonfun$plan$3(QueryPlanner.scala:78)
	at scala.collection.TraversableOnce$folder$1.apply(TraversableOnce.scala:196)
	at scala.collection.TraversableOnce$folder$1.apply(TraversableOnce.scala:194)
	at scala.collection.Iterator.foreach(Iterator.scala:943)
	at scala.collection.Iterator.foreach$(Iterator.scala:943)
	at scala.collection.AbstractIterator.foreach(Iterator.scala:1431)
	at scala.collection.TraversableOnce.foldLeft(TraversableOnce.scala:199)
	at scala.collection.TraversableOnce.foldLeft$(TraversableOnce.scala:192)
	at scala.collection.AbstractIterator.foldLeft(Iterator.scala:1431)
	at org.apache.spark.sql.catalyst.planning.QueryPlanner.$anonfun$plan$2(QueryPlanner.scala:75)
	at scala.collection.Iterator$$anon$11.nextCur(Iterator.scala:486)
	at scala.collection.Iterator$$anon$11.hasNext(Iterator.scala:492)
	at org.apache.spark.sql.catalyst.planning.QueryPlanner.plan(QueryPlanner.scala:93)
	at org.apache.spark.sql.execution.SparkStrategies.plan(SparkStrategies.scala:70)
	at org.apache.spark.sql.catalyst.planning.QueryPlanner.$anonfun$plan$3(QueryPlanner.scala:78)
	at scala.collection.TraversableOnce$folder$1.apply(TraversableOnce.scala:196)
	at scala.collection.TraversableOnce$folder$1.apply(TraversableOnce.scala:194)
	at scala.collection.Iterator.foreach(Iterator.scala:943)
	at scala.collection.Iterator.foreach$(Iterator.scala:943)
	at scala.collection.AbstractIterator.foreach(Iterator.scala:1431)
	at scala.collection.TraversableOnce.foldLeft(TraversableOnce.scala:199)
	at scala.collection.TraversableOnce.foldLeft$(TraversableOnce.scala:192)
	at scala.collection.AbstractIterator.foldLeft(Iterator.scala:1431)
	at org.apache.spark.sql.catalyst.planning.QueryPlanner.$anonfun$plan$2(QueryPlanner.scala:75)
	at scala.collection.Iterator$$anon$11.nextCur(Iterator.scala:486)
	at scala.collection.Iterator$$anon$11.hasNext(Iterator.scala:492)
	at org.apache.spark.sql.catalyst.planning.QueryPlanner.plan(QueryPlanner.scala:93)
	at org.apache.spark.sql.execution.SparkStrategies.plan(SparkStrategies.scala:70)
	at org.apache.spark.sql.catalyst.planning.QueryPlanner.$anonfun$plan$3(QueryPlanner.scala:78)
	at scala.collection.TraversableOnce$folder$1.apply(TraversableOnce.scala:196)
	at scala.collection.TraversableOnce$folder$1.apply(TraversableOnce.scala:194)
	at scala.collection.Iterator.foreach(Iterator.scala:943)
	at scala.collection.Iterator.foreach$(Iterator.scala:943)
	at scala.collection.AbstractIterator.foreach(Iterator.scala:1431)
	at scala.collection.TraversableOnce.foldLeft(TraversableOnce.scala:199)
	at scala.collection.TraversableOnce.foldLeft$(TraversableOnce.scala:192)
	at scala.collection.AbstractIterator.foldLeft(Iterator.scala:1431)
	at org.apache.spark.sql.catalyst.planning.QueryPlanner.$anonfun$plan$2(QueryPlanner.scala:75)
	at scala.collection.Iterator$$anon$11.nextCur(Iterator.scala:486)
	at scala.collection.Iterator$$anon$11.hasNext(Iterator.scala:492)
	at org.apache.spark.sql.catalyst.planning.QueryPlanner.plan(QueryPlanner.scala:93)
	at org.apache.spark.sql.execution.SparkStrategies.plan(SparkStrategies.scala:70)
	at org.apache.spark.sql.catalyst.planning.QueryPlanner.$anonfun$plan$3(QueryPlanner.scala:78)
	at scala.collection.TraversableOnce$folder$1.apply(TraversableOnce.scala:196)
	at scala.collection.TraversableOnce$folder$1.apply(TraversableOnce.scala:194)
	at scala.collection.Iterator.foreach(Iterator.scala:943)
	at scala.collection.Iterator.foreach$(Iterator.scala:943)
	at scala.collection.AbstractIterator.foreach(Iterator.scala:1431)
	at scala.collection.TraversableOnce.foldLeft(TraversableOnce.scala:199)
	at scala.collection.TraversableOnce.foldLeft$(TraversableOnce.scala:192)
	at scala.collection.AbstractIterator.foldLeft(Iterator.scala:1431)
	at org.apache.spark.sql.catalyst.planning.QueryPlanner.$anonfun$plan$2(QueryPlanner.scala:75)
	at scala.collection.Iterator$$anon$11.nextCur(Iterator.scala:486)
	at scala.collection.Iterator$$anon$11.hasNext(Iterator.scala:492)
	at org.apache.spark.sql.catalyst.planning.QueryPlanner.plan(QueryPlanner.scala:93)
	at org.apache.spark.sql.execution.SparkStrategies.plan(SparkStrategies.scala:70)
	at org.apache.spark.sql.execution.QueryExecution$.createSparkPlan(QueryExecution.scala:496)
	at org.apache.spark.sql.execution.QueryExecution.$anonfun$sparkPlan$1(QueryExecution.scala:171)
	at org.apache.spark.sql.catalyst.QueryPlanningTracker.measurePhase(QueryPlanningTracker.scala:138)
	at org.apache.spark.sql.execution.QueryExecution.$anonfun$executePhase$2(QueryExecution.scala:219)
	at org.apache.spark.sql.execution.QueryExecution$.withInternalError(QueryExecution.scala:546)
	at org.apache.spark.sql.execution.QueryExecution.$anonfun$executePhase$1(QueryExecution.scala:219)
	at org.apache.spark.sql.SparkSession.withActive(SparkSession.scala:900)
	at org.apache.spark.sql.execution.QueryExecution.executePhase(QueryExecution.scala:218)
	at org.apache.spark.sql.execution.QueryExecution.sparkPlan$lzycompute(QueryExecution.scala:171)
	at org.apache.spark.sql.execution.QueryExecution.sparkPlan(QueryExecution.scala:164)
	at org.apache.spark.sql.execution.QueryExecution.$anonfun$executedPlan$1(QueryExecution.scala:186)
	at org.apache.spark.sql.catalyst.QueryPlanningTracker.measurePhase(QueryPlanningTracker.scala:138)
	at org.apache.spark.sql.execution.QueryExecution.$anonfun$executePhase$2(QueryExecution.scala:219)
	at org.apache.spark.sql.execution.QueryExecution$.withInternalError(QueryExecution.scala:546)
	at org.apache.spark.sql.execution.QueryExecution.$anonfun$executePhase$1(QueryExecution.scala:219)
	at org.apache.spark.sql.SparkSession.withActive(SparkSession.scala:900)
	at org.apache.spark.sql.execution.QueryExecution.executePhase(QueryExecution.scala:218)
	at org.apache.spark.sql.execution.QueryExecution.executedPlan$lzycompute(QueryExecution.scala:186)
	at org.apache.spark.sql.execution.QueryExecution.executedPlan(QueryExecution.scala:179)
	at org.apache.spark.sql.execution.streaming.MicroBatchExecution.$anonfun$runBatch$15(MicroBatchExecution.scala:720)
	at org.apache.spark.sql.execution.streaming.ProgressReporter.reportTimeTaken(ProgressReporter.scala:427)
	at org.apache.spark.sql.execution.streaming.ProgressReporter.reportTimeTaken$(ProgressReporter.scala:425)
	at org.apache.spark.sql.execution.streaming.StreamExecution.reportTimeTaken(StreamExecution.scala:67)
	at org.apache.spark.sql.execution.streaming.MicroBatchExecution.runBatch(MicroBatchExecution.scala:708)
	at org.apache.spark.sql.execution.streaming.MicroBatchExecution.$anonfun$runActivatedStream$2(MicroBatchExecution.scala:286)
	at scala.runtime.java8.JFunction0$mcV$sp.apply(JFunction0$mcV$sp.java:23)
	at org.apache.spark.sql.execution.streaming.ProgressReporter.reportTimeTaken(ProgressReporter.scala:427)
	at org.apache.spark.sql.execution.streaming.ProgressReporter.reportTimeTaken$(ProgressReporter.scala:425)
	at org.apache.spark.sql.execution.streaming.StreamExecution.reportTimeTaken(StreamExecution.scala:67)
	at org.apache.spark.sql.execution.streaming.MicroBatchExecution.$anonfun$runActivatedStream$1(MicroBatchExecution.scala:249)
	at org.apache.spark.sql.execution.streaming.ProcessingTimeExecutor.execute(TriggerExecutor.scala:67)
	at org.apache.spark.sql.execution.streaming.MicroBatchExecution.runActivatedStream(MicroBatchExecution.scala:239)
	at org.apache.spark.sql.execution.streaming.StreamExecution.$anonfun$runStream$1(StreamExecution.scala:311)
	at scala.runtime.java8.JFunction0$mcV$sp.apply(JFunction0$mcV$sp.java:23)
	at org.apache.spark.sql.SparkSession.withActive(SparkSession.scala:900)
	at org.apache.spark.sql.execution.streaming.StreamExecution.org$apache$spark$sql$execution$streaming$StreamExecution$$runStream(StreamExecution.scala:289)
	at org.apache.spark.sql.execution.streaming.StreamExecution$$anon$1.$anonfun$run$1(StreamExecution.scala:211)
	at scala.runtime.java8.JFunction0$mcV$sp.apply(JFunction0$mcV$sp.java:23)
	at org.apache.spark.JobArtifactSet$.withActiveJobArtifactState(JobArtifactSet.scala:94)
	at org.apache.spark.sql.execution.streaming.StreamExecution$$anon$1.run(StreamExecution.scala:211)
25/11/10 15:31:06 ERROR MicroBatchExecution: Query [id = 5d740c47-b5b4-4b1b-b2fa-be8475857ebd, runId = d9ce491b-b608-487f-bef8-1c85d989bdc0] terminated with error
java.lang.IllegalStateException: Partition votes_topic-0's offset was changed from 131 to 96, some data may have been missed. 
Some data may have been lost because they are not available in Kafka any more; either the
 data was aged out by Kafka or the topic may have been deleted before all the data in the
 topic was processed. If you don't want your streaming query to fail on such cases, set the
 source option "failOnDataLoss" to "false".
    
	at org.apache.spark.sql.kafka010.KafkaMicroBatchStream.reportDataLoss(KafkaMicroBatchStream.scala:309)
	at org.apache.spark.sql.kafka010.KafkaMicroBatchStream.$anonfun$planInputPartitions$1(KafkaMicroBatchStream.scala:201)
	at org.apache.spark.sql.kafka010.KafkaMicroBatchStream.$anonfun$planInputPartitions$1$adapted(KafkaMicroBatchStream.scala:201)
	at org.apache.spark.sql.kafka010.KafkaOffsetReaderAdmin.$anonfun$getOffsetRangesFromResolvedOffsets$6(KafkaOffsetReaderAdmin.scala:487)
	at scala.collection.TraversableLike.$anonfun$map$1(TraversableLike.scala:286)
	at scala.collection.Iterator.foreach(Iterator.scala:943)
	at scala.collection.Iterator.foreach$(Iterator.scala:943)
	at scala.collection.AbstractIterator.foreach(Iterator.scala:1431)
	at scala.collection.IterableLike.foreach(IterableLike.scala:74)
	at scala.collection.IterableLike.foreach$(IterableLike.scala:73)
	at scala.collection.AbstractIterable.foreach(Iterable.scala:56)
	at scala.collection.TraversableLike.map(TraversableLike.scala:286)
	at scala.collection.TraversableLike.map$(TraversableLike.scala:279)
	at scala.collection.AbstractTraversable.map(Traversable.scala:108)
	at org.apache.spark.sql.kafka010.KafkaOffsetReaderAdmin.getOffsetRangesFromResolvedOffsets(KafkaOffsetReaderAdmin.scala:482)
	at org.apache.spark.sql.kafka010.KafkaMicroBatchStream.planInputPartitions(KafkaMicroBatchStream.scala:201)
	at org.apache.spark.sql.execution.datasources.v2.MicroBatchScanExec.inputPartitions$lzycompute(MicroBatchScanExec.scala:46)
	at org.apache.spark.sql.execution.datasources.v2.MicroBatchScanExec.inputPartitions(MicroBatchScanExec.scala:46)
	at org.apache.spark.sql.execution.datasources.v2.DataSourceV2ScanExecBase.supportsColumnar(DataSourceV2ScanExecBase.scala:179)
	at org.apache.spark.sql.execution.datasources.v2.DataSourceV2ScanExecBase.supportsColumnar$(DataSourceV2ScanExecBase.scala:175)
	at org.apache.spark.sql.execution.datasources.v2.MicroBatchScanExec.supportsColumnar(MicroBatchScanExec.scala:29)
	at org.apache.spark.sql.execution.datasources.v2.DataSourceV2Strategy.apply(DataSourceV2Strategy.scala:157)
	at org.apache.spark.sql.catalyst.planning.QueryPlanner.$anonfun$plan$1(QueryPlanner.scala:63)
	at scala.collection.Iterator$$anon$11.nextCur(Iterator.scala:486)
	at scala.collection.Iterator$$anon$11.hasNext(Iterator.scala:492)
	at scala.collection.Iterator$$anon$11.hasNext(Iterator.scala:491)
	at org.apache.spark.sql.catalyst.planning.QueryPlanner.plan(QueryPlanner.scala:93)
	at org.apache.spark.sql.execution.SparkStrategies.plan(SparkStrategies.scala:70)
	at org.apache.spark.sql.catalyst.planning.QueryPlanner.$anonfun$plan$3(QueryPlanner.scala:78)
	at scala.collection.TraversableOnce$folder$1.apply(TraversableOnce.scala:196)
	at scala.collection.TraversableOnce$folder$1.apply(TraversableOnce.scala:194)
	at scala.collection.Iterator.foreach(Iterator.scala:943)
	at scala.collection.Iterator.foreach$(Iterator.scala:943)
	at scala.collection.AbstractIterator.foreach(Iterator.scala:1431)
	at scala.collection.TraversableOnce.foldLeft(TraversableOnce.scala:199)
	at scala.collection.TraversableOnce.foldLeft$(TraversableOnce.scala:192)
	at scala.collection.AbstractIterator.foldLeft(Iterator.scala:1431)
	at org.apache.spark.sql.catalyst.planning.QueryPlanner.$anonfun$plan$2(QueryPlanner.scala:75)
	at scala.collection.Iterator$$anon$11.nextCur(Iterator.scala:486)
	at scala.collection.Iterator$$anon$11.hasNext(Iterator.scala:492)
	at org.apache.spark.sql.catalyst.planning.QueryPlanner.plan(QueryPlanner.scala:93)
	at org.apache.spark.sql.execution.SparkStrategies.plan(SparkStrategies.scala:70)
	at org.apache.spark.sql.catalyst.planning.QueryPlanner.$anonfun$plan$3(QueryPlanner.scala:78)
	at scala.collection.TraversableOnce$folder$1.apply(TraversableOnce.scala:196)
	at scala.collection.TraversableOnce$folder$1.apply(TraversableOnce.scala:194)
	at scala.collection.Iterator.foreach(Iterator.scala:943)
	at scala.collection.Iterator.foreach$(Iterator.scala:943)
	at scala.collection.AbstractIterator.foreach(Iterator.scala:1431)
	at scala.collection.TraversableOnce.foldLeft(TraversableOnce.scala:199)
	at scala.collection.TraversableOnce.foldLeft$(TraversableOnce.scala:192)
	at scala.collection.AbstractIterator.foldLeft(Iterator.scala:1431)
	at org.apache.spark.sql.catalyst.planning.QueryPlanner.$anonfun$plan$2(QueryPlanner.scala:75)
	at scala.collection.Iterator$$anon$11.nextCur(Iterator.scala:486)
	at scala.collection.Iterator$$anon$11.hasNext(Iterator.scala:492)
	at org.apache.spark.sql.catalyst.planning.QueryPlanner.plan(QueryPlanner.scala:93)
	at org.apache.spark.sql.execution.SparkStrategies.plan(SparkStrategies.scala:70)
	at org.apache.spark.sql.catalyst.planning.QueryPlanner.$anonfun$plan$3(QueryPlanner.scala:78)
	at scala.collection.TraversableOnce$folder$1.apply(TraversableOnce.scala:196)
	at scala.collection.TraversableOnce$folder$1.apply(TraversableOnce.scala:194)
	at scala.collection.Iterator.foreach(Iterator.scala:943)
	at scala.collection.Iterator.foreach$(Iterator.scala:943)
	at scala.collection.AbstractIterator.foreach(Iterator.scala:1431)
	at scala.collection.TraversableOnce.foldLeft(TraversableOnce.scala:199)
	at scala.collection.TraversableOnce.foldLeft$(TraversableOnce.scala:192)
	at scala.collection.AbstractIterator.foldLeft(Iterator.scala:1431)
	at org.apache.spark.sql.catalyst.planning.QueryPlanner.$anonfun$plan$2(QueryPlanner.scala:75)
	at scala.collection.Iterator$$anon$11.nextCur(Iterator.scala:486)
	at scala.collection.Iterator$$anon$11.hasNext(Iterator.scala:492)
	at org.apache.spark.sql.catalyst.planning.QueryPlanner.plan(QueryPlanner.scala:93)
	at org.apache.spark.sql.execution.SparkStrategies.plan(SparkStrategies.scala:70)
	at org.apache.spark.sql.catalyst.planning.QueryPlanner.$anonfun$plan$3(QueryPlanner.scala:78)
	at scala.collection.TraversableOnce$folder$1.apply(TraversableOnce.scala:196)
	at scala.collection.TraversableOnce$folder$1.apply(TraversableOnce.scala:194)
	at scala.collection.Iterator.foreach(Iterator.scala:943)
	at scala.collection.Iterator.foreach$(Iterator.scala:943)
	at scala.collection.AbstractIterator.foreach(Iterator.scala:1431)
	at scala.collection.TraversableOnce.foldLeft(TraversableOnce.scala:199)
	at scala.collection.TraversableOnce.foldLeft$(TraversableOnce.scala:192)
	at scala.collection.AbstractIterator.foldLeft(Iterator.scala:1431)
	at org.apache.spark.sql.catalyst.planning.QueryPlanner.$anonfun$plan$2(QueryPlanner.scala:75)
	at scala.collection.Iterator$$anon$11.nextCur(Iterator.scala:486)
	at scala.collection.Iterator$$anon$11.hasNext(Iterator.scala:492)
	at org.apache.spark.sql.catalyst.planning.QueryPlanner.plan(QueryPlanner.scala:93)
	at org.apache.spark.sql.execution.SparkStrategies.plan(SparkStrategies.scala:70)
	at org.apache.spark.sql.catalyst.planning.QueryPlanner.$anonfun$plan$3(QueryPlanner.scala:78)
	at scala.collection.TraversableOnce$folder$1.apply(TraversableOnce.scala:196)
	at scala.collection.TraversableOnce$folder$1.apply(TraversableOnce.scala:194)
	at scala.collection.Iterator.foreach(Iterator.scala:943)
	at scala.collection.Iterator.foreach$(Iterator.scala:943)
	at scala.collection.AbstractIterator.foreach(Iterator.scala:1431)
	at scala.collection.TraversableOnce.foldLeft(TraversableOnce.scala:199)
	at scala.collection.TraversableOnce.foldLeft$(TraversableOnce.scala:192)
	at scala.collection.AbstractIterator.foldLeft(Iterator.scala:1431)
	at org.apache.spark.sql.catalyst.planning.QueryPlanner.$anonfun$plan$2(QueryPlanner.scala:75)
	at scala.collection.Iterator$$anon$11.nextCur(Iterator.scala:486)
	at scala.collection.Iterator$$anon$11.hasNext(Iterator.scala:492)
	at org.apache.spark.sql.catalyst.planning.QueryPlanner.plan(QueryPlanner.scala:93)
	at org.apache.spark.sql.execution.SparkStrategies.plan(SparkStrategies.scala:70)
	at org.apache.spark.sql.catalyst.planning.QueryPlanner.$anonfun$plan$3(QueryPlanner.scala:78)
	at scala.collection.TraversableOnce$folder$1.apply(TraversableOnce.scala:196)
	at scala.collection.TraversableOnce$folder$1.apply(TraversableOnce.scala:194)
	at scala.collection.Iterator.foreach(Iterator.scala:943)
	at scala.collection.Iterator.foreach$(Iterator.scala:943)
	at scala.collection.AbstractIterator.foreach(Iterator.scala:1431)
	at scala.collection.TraversableOnce.foldLeft(TraversableOnce.scala:199)
	at scala.collection.TraversableOnce.foldLeft$(TraversableOnce.scala:192)
	at scala.collection.AbstractIterator.foldLeft(Iterator.scala:1431)
	at org.apache.spark.sql.catalyst.planning.QueryPlanner.$anonfun$plan$2(QueryPlanner.scala:75)
	at scala.collection.Iterator$$anon$11.nextCur(Iterator.scala:486)
	at scala.collection.Iterator$$anon$11.hasNext(Iterator.scala:492)
	at org.apache.spark.sql.catalyst.planning.QueryPlanner.plan(QueryPlanner.scala:93)
	at org.apache.spark.sql.execution.SparkStrategies.plan(SparkStrategies.scala:70)
	at org.apache.spark.sql.execution.QueryExecution$.createSparkPlan(QueryExecution.scala:496)
	at org.apache.spark.sql.execution.QueryExecution.$anonfun$sparkPlan$1(QueryExecution.scala:171)
	at org.apache.spark.sql.catalyst.QueryPlanningTracker.measurePhase(QueryPlanningTracker.scala:138)
	at org.apache.spark.sql.execution.QueryExecution.$anonfun$executePhase$2(QueryExecution.scala:219)
	at org.apache.spark.sql.execution.QueryExecution$.withInternalError(QueryExecution.scala:546)
	at org.apache.spark.sql.execution.QueryExecution.$anonfun$executePhase$1(QueryExecution.scala:219)
	at org.apache.spark.sql.SparkSession.withActive(SparkSession.scala:900)
	at org.apache.spark.sql.execution.QueryExecution.executePhase(QueryExecution.scala:218)
	at org.apache.spark.sql.execution.QueryExecution.sparkPlan$lzycompute(QueryExecution.scala:171)
	at org.apache.spark.sql.execution.QueryExecution.sparkPlan(QueryExecution.scala:164)
	at org.apache.spark.sql.execution.QueryExecution.$anonfun$executedPlan$1(QueryExecution.scala:186)
	at org.apache.spark.sql.catalyst.QueryPlanningTracker.measurePhase(QueryPlanningTracker.scala:138)
	at org.apache.spark.sql.execution.QueryExecution.$anonfun$executePhase$2(QueryExecution.scala:219)
	at org.apache.spark.sql.execution.QueryExecution$.withInternalError(QueryExecution.scala:546)
	at org.apache.spark.sql.execution.QueryExecution.$anonfun$executePhase$1(QueryExecution.scala:219)
	at org.apache.spark.sql.SparkSession.withActive(SparkSession.scala:900)
	at org.apache.spark.sql.execution.QueryExecution.executePhase(QueryExecution.scala:218)
	at org.apache.spark.sql.execution.QueryExecution.executedPlan$lzycompute(QueryExecution.scala:186)
	at org.apache.spark.sql.execution.QueryExecution.executedPlan(QueryExecution.scala:179)
	at org.apache.spark.sql.execution.streaming.MicroBatchExecution.$anonfun$runBatch$15(MicroBatchExecution.scala:720)
	at org.apache.spark.sql.execution.streaming.ProgressReporter.reportTimeTaken(ProgressReporter.scala:427)
	at org.apache.spark.sql.execution.streaming.ProgressReporter.reportTimeTaken$(ProgressReporter.scala:425)
	at org.apache.spark.sql.execution.streaming.StreamExecution.reportTimeTaken(StreamExecution.scala:67)
	at org.apache.spark.sql.execution.streaming.MicroBatchExecution.runBatch(MicroBatchExecution.scala:708)
	at org.apache.spark.sql.execution.streaming.MicroBatchExecution.$anonfun$runActivatedStream$2(MicroBatchExecution.scala:286)
	at scala.runtime.java8.JFunction0$mcV$sp.apply(JFunction0$mcV$sp.java:23)
	at org.apache.spark.sql.execution.streaming.ProgressReporter.reportTimeTaken(ProgressReporter.scala:427)
	at org.apache.spark.sql.execution.streaming.ProgressReporter.reportTimeTaken$(ProgressReporter.scala:425)
	at org.apache.spark.sql.execution.streaming.StreamExecution.reportTimeTaken(StreamExecution.scala:67)
	at org.apache.spark.sql.execution.streaming.MicroBatchExecution.$anonfun$runActivatedStream$1(MicroBatchExecution.scala:249)
	at org.apache.spark.sql.execution.streaming.ProcessingTimeExecutor.execute(TriggerExecutor.scala:67)
	at org.apache.spark.sql.execution.streaming.MicroBatchExecution.runActivatedStream(MicroBatchExecution.scala:239)
	at org.apache.spark.sql.execution.streaming.StreamExecution.$anonfun$runStream$1(StreamExecution.scala:311)
	at scala.runtime.java8.JFunction0$mcV$sp.apply(JFunction0$mcV$sp.java:23)
	at org.apache.spark.sql.SparkSession.withActive(SparkSession.scala:900)
	at org.apache.spark.sql.execution.streaming.StreamExecution.org$apache$spark$sql$execution$streaming$StreamExecution$$runStream(StreamExecution.scala:289)
	at org.apache.spark.sql.execution.streaming.StreamExecution$$anon$1.$anonfun$run$1(StreamExecution.scala:211)
	at scala.runtime.java8.JFunction0$mcV$sp.apply(JFunction0$mcV$sp.java:23)
	at org.apache.spark.JobArtifactSet$.withActiveJobArtifactState(JobArtifactSet.scala:94)
	at org.apache.spark.sql.execution.streaming.StreamExecution$$anon$1.run(StreamExecution.scala:211)
Traceback (most recent call last):
  File "/Users/laplc/Documents/realtime-voting-data-engineering/spark-streaming.py", line 113, in <module>
    spark.streams.awaitAnyTermination()
  File "/Users/laplc/Documents/realtime-voting-data-engineering/.venv/lib/python3.9/site-packages/pyspark/sql/streaming/query.py", line 596, in awaitAnyTermination
    return self._jsqm.awaitAnyTermination()
  File "/Users/laplc/Documents/realtime-voting-data-engineering/.venv/lib/python3.9/site-packages/py4j/java_gateway.py", line 1322, in __call__
    return_value = get_return_value(
  File "/Users/laplc/Documents/realtime-voting-data-engineering/.venv/lib/python3.9/site-packages/pyspark/errors/exceptions/captured.py", line 185, in deco
    raise converted from None
pyspark.errors.exceptions.captured.StreamingQueryException: [STREAM_FAILED] Query [id = 5d740c47-b5b4-4b1b-b2fa-be8475857ebd, runId = d9ce491b-b608-487f-bef8-1c85d989bdc0] terminated with exception: Partition votes_topic-0's offset was changed from 131 to 96, some data may have been missed. 
Some data may have been lost because they are not available in Kafka any more; either the
 data was aged out by Kafka or the topic may have been deleted before all the data in the
 topic was processed. If you don't want your streaming query to fail on such cases, set the
 source option "failOnDataLoss" to "false".
    
